[raeishaforward5.com/index.html]
[backblue.gif]
[fade.gif]
[index.html]
[raeishaforward5.com/bio.html]
[raeishaforward5.com/commitments.html]
[raeishaforward5.com/affordable-housin-homeownership.html]
[raeishaforward5.com/economic-development.html]
[raeishaforward5.com/safe-thriving-communities.html]
[raeishaforward5.com/education.html]
[raeishaforward5.com/community-engagement.html]
[raeishaforward5.com/events.html]
[raeishaforward5.com/index.html]
[raeishaforward5.com/bio.html]
[raeishaforward5.com/commitments.html]
[raeishaforward5.com/affordable-housin-homeownership.html]
[raeishaforward5.com/economic-development.html]
[raeishaforward5.com/safe-thriving-communities.html]
[raeishaforward5.com/education.html]
[raeishaforward5.com/community-engagement.html]
[raeishaforward5.com/events.html]
[raeishaforward5.com/endorsements.html]
[raeishaforward5.com/volunteer.html]
[raeishaforward5.com/volunteer.html]
[raeishaforward5.com/endorsements.html]
