[nekima.nationbuilder.com/index.html]
[backblue.gif]
[fade.gif]
[index.html]
[nekima.nationbuilder.com/themes/1/58547d9175dd2f4a31000000/0/attachments/14819324461485274539/default/theme.css]
[nekima.nationbuilder.com/themes/1/58547d9175dd2f4a31000000/0/attachments/14819324461485274539/default/bootstrap.min.css]
[nekima.nationbuilder.com/themes/1/58547d9175dd2f4a31000000/0/attachments/14819324461485274539/default/animate.css]
[nekima.nationbuilder.com/themes/1/58547d9175dd2f4a31000000/0/attachments/14819324461485274539/default/slick.css]
[nekima.nationbuilder.com/themes/1/58547d9175dd2f4a31000000/0/attachments/14819324461485274539/default/magnific-popup.css]
[nekima.nationbuilder.com/themes/1/58547d9175dd2f4a31000000/0/attachments/14819324461485274539/default/font-awesome.css]
[nekima.nationbuilder.com/themes/1/58547d9175dd2f4a31000000/0/attachments/14819324461485274539/default/streamline-icons.css]
[nekima.nationbuilder.com/themes/1/58547d9175dd2f4a31000000/0/attachments/14819324461485274539/default/event.css]
[nekima.nationbuilder.com/themes/1/58547d9175dd2f4a31000000/0/attachments/14819324461485274539/default/green.css]
[nekima.nationbuilder.com/themes/1/58547d9175dd2f4a31000000/0/attachments/14819324461485274539/default/modernizr.min.js]
[nekima.nationbuilder.com/themes/1/58547d9175dd2f4a31000000/0/attachments/14819324461485274539/default/pace.js]
[nekima.nationbuilder.com/themes/1/58547d9175dd2f4a31000000/0/attachments/14819324461485274539/default/jquery.ui.effect.min.js]
[nekima.nationbuilder.com/themes/1/58547d9175dd2f4a31000000/0/attachments/14819324461485274539/default/jquery.ui.effect-slide.min.js]
[nekima.nationbuilder.com/themes/1/58547d9175dd2f4a31000000/0/attachments/14819324461485274539/default/staged-donations.js]
[nekima.nationbuilder.com/about]
[nekima.nationbuilder.com/caucus]
[nekima.nationbuilder.com/join]
[nekima.nationbuilder.com/join]
[nekima.nationbuilder.com/volunteer]
[nekima.nationbuilder.com/spread_the_word]
[nekima.nationbuilder.com/calendar]
[nekima.nationbuilder.com/contact_us]
[nekima.nationbuilder.com/users/facebook/connectb70a]
[nekima.nationbuilder.com/volunteer]
[nekima.nationbuilder.com/donate.html]
[nekima.nationbuilder.com/caucus]
[nekima.nationbuilder.com/kcharrison1]
[nekima.nationbuilder.com/index.html]
[nekima.nationbuilder.com/themes/1/58547d9175dd2f4a31000000/0/attachments/14819324461485274539/default/bootstrap.js]
[nekima.nationbuilder.com/themes/1/58547d9175dd2f4a31000000/0/attachments/14819324461485274539/default/responsive.eot]
[nekima.nationbuilder.com/themes/1/58547d9175dd2f4a31000000/0/attachments/14819324461485274539/default/responsived41d.eot]
[nekima.nationbuilder.com/themes/1/58547d9175dd2f4a31000000/0/attachments/14819324461485274539/default/responsive.woff]
[nekima.nationbuilder.com/themes/1/58547d9175dd2f4a31000000/0/attachments/14819324461485274539/default/theme.css]
[nekima.nationbuilder.com/themes/1/58547d9175dd2f4a31000000/0/attachments/14819324461485274539/default/responsive.svg]
[nekima.nationbuilder.com/assets/icons/fugue/calendar--arrow.png]
[nekima.nationbuilder.com/themes/1/58547d9175dd2f4a31000000/0/attachments/14819324461485274539/default/glyphicons-halflings-regular.21.delayed]
[nekima.nationbuilder.com/themes/1/58547d9175dd2f4a31000000/0/attachments/14819324461485274539/default/glyphicons-halflings-regulard41d.eot]
[nekima.nationbuilder.com/themes/1/58547d9175dd2f4a31000000/0/attachments/14819324461485274539/default/glyphicons-halflings-regular.woff2]
[nekima.nationbuilder.com/themes/1/58547d9175dd2f4a31000000/0/attachments/14819324461485274539/default/glyphicons-halflings-regular.woff]
[nekima.nationbuilder.com/themes/1/58547d9175dd2f4a31000000/0/attachments/14819324461485274539/default/glyphicons-halflings-regular.ttf]
[nekima.nationbuilder.com/themes/1/58547d9175dd2f4a31000000/0/attachments/14819324461485274539/default/glyphicons-halflings-regular.svg]
[nekima.nationbuilder.com/themes/1/58547d9175dd2f4a31000000/0/attachments/14819324461485274539/default/bootstrap.min.css]
[nekima.nationbuilder.com/themes/1/58547d9175dd2f4a31000000/0/attachments/14819324461485274539/default/animate.css]
[nekima.nationbuilder.com/themes/1/58547d9175dd2f4a31000000/0/attachments/14819324461485274539/default/ajax-loader.gif]
[nekima.nationbuilder.com/themes/1/58547d9175dd2f4a31000000/0/attachments/14819324461485274539/default/slick.css]
[nekima.nationbuilder.com/themes/1/58547d9175dd2f4a31000000/0/attachments/14819324461485274539/default/magnific-popup.css]
[nekima.nationbuilder.com/themes/1/58547d9175dd2f4a31000000/0/attachments/14819324461485274539/default/fontawesome-webfonte0a5.eot]
[nekima.nationbuilder.com/themes/1/58547d9175dd2f4a31000000/0/attachments/14819324461485274539/default/fontawesome-webfontd41d.eot]
[nekima.nationbuilder.com/themes/1/58547d9175dd2f4a31000000/0/attachments/14819324461485274539/default/fontawesome-webfonte0a5.woff2]
[nekima.nationbuilder.com/themes/1/58547d9175dd2f4a31000000/0/attachments/14819324461485274539/default/fontawesome-webfonte0a5.woff]
[nekima.nationbuilder.com/themes/1/58547d9175dd2f4a31000000/0/attachments/14819324461485274539/default/fontawesome-webfonte0a5.ttf]
[nekima.nationbuilder.com/themes/1/58547d9175dd2f4a31000000/0/attachments/14819324461485274539/default/fontawesome-webfonte0a5.svg]
[nekima.nationbuilder.com/themes/1/58547d9175dd2f4a31000000/0/attachments/14819324461485274539/default/font-awesome.css]
[nekima.nationbuilder.com/themes/1/58547d9175dd2f4a31000000/0/attachments/14819324461485274539/default/streamline.eot]
[nekima.nationbuilder.com/themes/1/58547d9175dd2f4a31000000/0/attachments/14819324461485274539/default/streamlined41d.eot]
[nekima.nationbuilder.com/themes/1/58547d9175dd2f4a31000000/0/attachments/14819324461485274539/default/streamline.woff]
[nekima.nationbuilder.com/themes/1/58547d9175dd2f4a31000000/0/attachments/14819324461485274539/default/streamline.ttf]
[nekima.nationbuilder.com/themes/1/58547d9175dd2f4a31000000/0/attachments/14819324461485274539/default/streamline.svg]
[nekima.nationbuilder.com/themes/1/58547d9175dd2f4a31000000/0/attachments/14819324461485274539/default/streamline-icons.css]
[nekima.nationbuilder.com/themes/1/58547d9175dd2f4a31000000/0/attachments/14819324461485274539/default/collapse.png]
[nekima.nationbuilder.com/themes/1/58547d9175dd2f4a31000000/0/attachments/14819324461485274539/default/header_graphic_1.png]
[nekima.nationbuilder.com/themes/1/58547d9175dd2f4a31000000/0/attachments/14819324461485274539/default/header_graphic_2.png]
[nekima.nationbuilder.com/themes/1/58547d9175dd2f4a31000000/0/attachments/14819324461485274539/default/parallax-bg.jpg]
[nekima.nationbuilder.com/themes/1/58547d9175dd2f4a31000000/0/attachments/14819324461485274539/default/slider-bg.jpg]
[nekima.nationbuilder.com/themes/1/58547d9175dd2f4a31000000/0/attachments/14819324461485274539/default/event-video.jpg]
[nekima.nationbuilder.com/themes/1/58547d9175dd2f4a31000000/0/attachments/14819324461485274539/default/footer_bg_light.png]
[nekima.nationbuilder.com/themes/1/58547d9175dd2f4a31000000/0/attachments/14819324461485274539/default/event.css]
[nekima.nationbuilder.com/themes/1/58547d9175dd2f4a31000000/0/attachments/14819324461485274539/default/mplsfornekima.png]
[nekima.nationbuilder.com/themes/1/58547d9175dd2f4a31000000/0/attachments/14819324461485274539/default/green.css]
[nekima.nationbuilder.com/about]
[nekima.nationbuilder.com/caucus]
[nekima.nationbuilder.com/join]
[nekima.nationbuilder.com/join]
[nekima.nationbuilder.com/volunteer]
[nekima.nationbuilder.com/spread_the_word]
[nekima.nationbuilder.com/calendar]
[nekima.nationbuilder.com/contact_us]
[nekima.nationbuilder.com/2104]
[nekima.nationbuilder.com/donate.html]
[nekima.nationbuilder.com/kcharrison1.html]
[nekima.nationbuilder.com/2104.html]
